This is pdfTeX, Version 3.141592653-2.6-1.40.23 (MiKTeX 21.8) (preloaded format=pdflatex 2021.10.2)  29 MAY 2022 23:38
entering extended mode
**./novel_approach_to_topological_graph_theory_with_rk_diagrams_and_gravitation
al_wave_analysis.tex

(novel_approach_to_topological_graph_theory_with_rk_diagrams_and_gravitational_
wave_analysis.tex
LaTeX2e <2021-06-01> patch level 1
L3 programming layer <2021-08-27>
(C:\Users\Animikh Roy\AppData\Local\Programs\MiKTeX 2.9\tex/latex/base\article.
cls
Document Class: article 2021/02/12 v1.4n Standard LaTeX document class

(C:\Users\Animikh Roy\AppData\Local\Programs\MiKTeX 2.9\tex/latex/base\size10.c
lo
File: size10.clo 2021/02/12 v1.4n Standard LaTeX file (size option)
)
\c@part=\count182
\c@section=\count183
\c@subsection=\count184
\c@subsubsection=\count185
\c@paragraph=\count186
\c@subparagraph=\count187
\c@figure=\count188
\c@table=\count189
\abovecaptionskip=\skip47
\belowcaptionskip=\skip48
\bibindent=\dimen138
) (arxiv.sty
(C:\Users\Animikh Roy\AppData\Local\Programs\MiKTeX 2.9\tex/latex/geometry\geom
etry.sty
Package: geometry 2020/01/02 v5.9 Page Geometry

(C:\Users\Animikh Roy\AppData\Local\Programs\MiKTeX 2.9\tex/latex/graphics\keyv
al.sty
Package: keyval 2014/10/28 v1.15 key=value parser (DPC)
\KV@toks@=\toks16
)
(C:\Users\Animikh Roy\AppData\Local\Programs\MiKTeX 2.9\tex/generic/iftex\ifvte
x.sty
Package: ifvtex 2019/10/25 v1.7 ifvtex legacy package. Use iftex instead.

(C:\Users\Animikh Roy\AppData\Local\Programs\MiKTeX 2.9\tex/generic/iftex\iftex
.sty
Package: iftex 2020/03/06 v1.0d TeX engine tests
))
\Gm@cnth=\count190
\Gm@cntv=\count191
\c@Gm@tempcnt=\count192
\Gm@bindingoffset=\dimen139
\Gm@wd@mp=\dimen140
\Gm@odd@mp=\dimen141
\Gm@even@mp=\dimen142
\Gm@layoutwidth=\dimen143
\Gm@layoutheight=\dimen144
\Gm@layouthoffset=\dimen145
\Gm@layoutvoffset=\dimen146
\Gm@dimlist=\toks17

(C:\Users\Animikh Roy\AppData\Local\Programs\MiKTeX 2.9\tex/latex/geometry\geom
etry.cfg))
(C:\Users\Animikh Roy\AppData\Local\Programs\MiKTeX 2.9\tex/latex/fancyhdr\fanc
yhdr.sty
Package: fancyhdr 2021/01/28 v4.0.1 Extensive control of page headers and foote
rs
\f@nch@headwidth=\skip49
\f@nch@O@elh=\skip50
\f@nch@O@erh=\skip51
\f@nch@O@olh=\skip52
\f@nch@O@orh=\skip53
\f@nch@O@elf=\skip54
\f@nch@O@erf=\skip55
\f@nch@O@olf=\skip56
\f@nch@O@orf=\skip57
)
\@abovecaptionskip=\skip58
\@belowcaptionskip=\skip59
)
(C:\Users\Animikh Roy\AppData\Local\Programs\MiKTeX 2.9\tex/latex/base\inputenc
.sty
Package: inputenc 2021/02/14 v1.3d Input encoding file
\inpenc@prehook=\toks18
\inpenc@posthook=\toks19
)
(C:\Users\Animikh Roy\AppData\Local\Programs\MiKTeX 2.9\tex/latex/base\fontenc.
sty
Package: fontenc 2021/04/29 v2.0v Standard LaTeX package
LaTeX Font Info:    Trying to load font information for T1+ptm on input line 11
2.

(C:\Users\Animikh Roy\AppData\Local\Programs\MiKTeX 2.9\tex/latex/psnfss\t1ptm.
fd
File: t1ptm.fd 2001/06/04 font definitions for T1/ptm.
))
(C:\Users\Animikh Roy\AppData\Local\Programs\MiKTeX 2.9\tex/latex/hyperref\hype
rref.sty
Package: hyperref 2021-06-07 v7.00m Hypertext links for LaTeX

(C:\Users\Animikh Roy\AppData\Local\Programs\MiKTeX 2.9\tex/generic/ltxcmds\ltx
cmds.sty
Package: ltxcmds 2020-05-10 v1.25 LaTeX kernel commands for general use (HO)
)
(C:\Users\Animikh Roy\AppData\Local\Programs\MiKTeX 2.9\tex/generic/pdftexcmds\
pdftexcmds.sty
Package: pdftexcmds 2020-06-27 v0.33 Utility functions of pdfTeX for LuaTeX (HO
)

(C:\Users\Animikh Roy\AppData\Local\Programs\MiKTeX 2.9\tex/generic/infwarerr\i
nfwarerr.sty
Package: infwarerr 2019/12/03 v1.5 Providing info/warning/error messages (HO)
)
Package pdftexcmds Info: \pdf@primitive is available.
Package pdftexcmds Info: \pdf@ifprimitive is available.
Package pdftexcmds Info: \pdfdraftmode found.
)
(C:\Users\Animikh Roy\AppData\Local\Programs\MiKTeX 2.9\tex/generic/kvsetkeys\k
vsetkeys.sty
Package: kvsetkeys 2019/12/15 v1.18 Key value parser (HO)
)
(C:\Users\Animikh Roy\AppData\Local\Programs\MiKTeX 2.9\tex/generic/kvdefinekey
s\kvdefinekeys.sty
Package: kvdefinekeys 2019-12-19 v1.6 Define keys (HO)
)
(C:\Users\Animikh Roy\AppData\Local\Programs\MiKTeX 2.9\tex/generic/pdfescape\p
dfescape.sty
Package: pdfescape 2019/12/09 v1.15 Implements pdfTeX's escape features (HO)
)
(C:\Users\Animikh Roy\AppData\Local\Programs\MiKTeX 2.9\tex/latex/hycolor\hycol
or.sty
Package: hycolor 2020-01-27 v1.10 Color options for hyperref/bookmark (HO)
)
(C:\Users\Animikh Roy\AppData\Local\Programs\MiKTeX 2.9\tex/latex/letltxmacro\l
etltxmacro.sty
Package: letltxmacro 2019/12/03 v1.6 Let assignment for LaTeX macros (HO)
)
(C:\Users\Animikh Roy\AppData\Local\Programs\MiKTeX 2.9\tex/latex/auxhook\auxho
ok.sty
Package: auxhook 2019-12-17 v1.6 Hooks for auxiliary files (HO)
)
(C:\Users\Animikh Roy\AppData\Local\Programs\MiKTeX 2.9\tex/latex/kvoptions\kvo
ptions.sty
Package: kvoptions 2020-10-07 v3.14 Key value format for package options (HO)
)
\@linkdim=\dimen147
\Hy@linkcounter=\count193
\Hy@pagecounter=\count194

(C:\Users\Animikh Roy\AppData\Local\Programs\MiKTeX 2.9\tex/latex/hyperref\pd1e
nc.def
File: pd1enc.def 2021-06-07 v7.00m Hyperref: PDFDocEncoding definition (HO)
Now handling font encoding PD1 ...
... no UTF-8 mapping file for font encoding PD1
)
(C:\Users\Animikh Roy\AppData\Local\Programs\MiKTeX 2.9\tex/latex/hyperref\hype
rref-langpatches.def
File: hyperref-langpatches.def 2021-06-07 v7.00m Hyperref: patches for babel la
nguages
)
(C:\Users\Animikh Roy\AppData\Local\Programs\MiKTeX 2.9\tex/generic/intcalc\int
calc.sty
Package: intcalc 2019/12/15 v1.3 Expandable calculations with integers (HO)
)
(C:\Users\Animikh Roy\AppData\Local\Programs\MiKTeX 2.9\tex/generic/etexcmds\et
excmds.sty
Package: etexcmds 2019/12/15 v1.7 Avoid name clashes with e-TeX commands (HO)
)
\Hy@SavedSpaceFactor=\count195

(C:\Users\Animikh Roy\AppData\Local\Programs\MiKTeX 2.9\tex/latex/hyperref\puen
c.def
File: puenc.def 2021-06-07 v7.00m Hyperref: PDF Unicode definition (HO)
Now handling font encoding PU ...
... no UTF-8 mapping file for font encoding PU
)
Package hyperref Info: Hyper figures OFF on input line 4192.
Package hyperref Info: Link nesting OFF on input line 4197.
Package hyperref Info: Hyper index ON on input line 4200.
Package hyperref Info: Plain pages OFF on input line 4207.
Package hyperref Info: Backreferencing OFF on input line 4212.
Package hyperref Info: Implicit mode ON; LaTeX internals redefined.
Package hyperref Info: Bookmarks ON on input line 4445.
\c@Hy@tempcnt=\count196

(C:\Users\Animikh Roy\AppData\Local\Programs\MiKTeX 2.9\tex/latex/url\url.sty
\Urlmuskip=\muskip16
Package: url 2013/09/16  ver 3.4  Verb mode for urls, etc.
)
LaTeX Info: Redefining \url on input line 4804.
\XeTeXLinkMargin=\dimen148

(C:\Users\Animikh Roy\AppData\Local\Programs\MiKTeX 2.9\tex/generic/bitset\bits
et.sty
Package: bitset 2019/12/09 v1.3 Handle bit-vector datatype (HO)

(C:\Users\Animikh Roy\AppData\Local\Programs\MiKTeX 2.9\tex/generic/bigintcalc\
bigintcalc.sty
Package: bigintcalc 2019/12/15 v1.5 Expandable calculations on big integers (HO
)
))
\Fld@menulength=\count197
\Field@Width=\dimen149
\Fld@charsize=\dimen150
Package hyperref Info: Hyper figures OFF on input line 6076.
Package hyperref Info: Link nesting OFF on input line 6081.
Package hyperref Info: Hyper index ON on input line 6084.
Package hyperref Info: backreferencing OFF on input line 6091.
Package hyperref Info: Link coloring OFF on input line 6096.
Package hyperref Info: Link coloring with OCG OFF on input line 6101.
Package hyperref Info: PDF/A mode OFF on input line 6106.
LaTeX Info: Redefining \ref on input line 6146.
LaTeX Info: Redefining \pageref on input line 6150.

(C:\Users\Animikh Roy\AppData\Local\Programs\MiKTeX 2.9\tex/latex/base\atbegshi
-ltx.sty
Package: atbegshi-ltx 2021/01/10 v1.0c Emulation of the original atbegshi
package with kernel methods
)
\Hy@abspage=\count198
\c@Item=\count199
\c@Hfootnote=\count266
)
Package hyperref Info: Driver (autodetected): hpdftex.

(C:\Users\Animikh Roy\AppData\Local\Programs\MiKTeX 2.9\tex/latex/hyperref\hpdf
tex.def
File: hpdftex.def 2021-06-07 v7.00m Hyperref driver for pdfTeX

(C:\Users\Animikh Roy\AppData\Local\Programs\MiKTeX 2.9\tex/latex/base\atveryen
d-ltx.sty
Package: atveryend-ltx 2020/08/19 v1.0a Emulation of the original atvery packag
e
with kernel methods
)
\Fld@listcount=\count267
\c@bookmark@seq@number=\count268

(C:\Users\Animikh Roy\AppData\Local\Programs\MiKTeX 2.9\tex/latex/rerunfilechec
k\rerunfilecheck.sty
Package: rerunfilecheck 2019/12/05 v1.9 Rerun checks for auxiliary files (HO)

(C:\Users\Animikh Roy\AppData\Local\Programs\MiKTeX 2.9\tex/generic/uniquecount
er\uniquecounter.sty
Package: uniquecounter 2019/12/15 v1.4 Provide unlimited unique counter (HO)
)
Package uniquecounter Info: New unique counter `rerunfilecheck' on input line 2
86.
)
\Hy@SectionHShift=\skip60
)
(C:\Users\Animikh Roy\AppData\Local\Programs\MiKTeX 2.9\tex/latex/booktabs\book
tabs.sty
Package: booktabs 2020/01/12 v1.61803398 Publication quality tables
\heavyrulewidth=\dimen151
\lightrulewidth=\dimen152
\cmidrulewidth=\dimen153
\belowrulesep=\dimen154
\belowbottomsep=\dimen155
\aboverulesep=\dimen156
\abovetopsep=\dimen157
\cmidrulesep=\dimen158
\cmidrulekern=\dimen159
\defaultaddspace=\dimen160
\@cmidla=\count269
\@cmidlb=\count270
\@aboverulesep=\dimen161
\@belowrulesep=\dimen162
\@thisruleclass=\count271
\@lastruleclass=\count272
\@thisrulewidth=\dimen163
)
(C:\Users\Animikh Roy\AppData\Local\Programs\MiKTeX 2.9\tex/latex/amsfonts\amsf
onts.sty
Package: amsfonts 2013/01/14 v3.01 Basic AMSFonts support
\@emptytoks=\toks20
\symAMSa=\mathgroup4
\symAMSb=\mathgroup5
LaTeX Font Info:    Redeclaring math symbol \hbar on input line 98.
LaTeX Font Info:    Overwriting math alphabet `\mathfrak' in version `bold'
(Font)                  U/euf/m/n --> U/euf/b/n on input line 106.
) (C:/Packages\tex/latex\dirtytalk\dirtytalk.sty
Package: dirtytalk 2010/11/21 A package making "quoting" easier

(C:\Users\Animikh Roy\AppData\Local\Programs\MiKTeX 2.9\tex/latex/base\ifthen.s
ty
Package: ifthen 2020/11/24 v1.1c Standard LaTeX ifthen package (DPC)
)
\c@dirtytalk@qdepth=\count273
)
(C:\Users\Animikh Roy\AppData\Local\Programs\MiKTeX 2.9\tex/latex/graphics\colo
r.sty
Package: color 2020/02/24 v1.2b Standard LaTeX Color (DPC)

(C:\Users\Animikh Roy\AppData\Local\Programs\MiKTeX 2.9\tex/latex/graphics-cfg\
color.cfg
File: color.cfg 2016/01/02 v1.6 sample color configuration
)
Package color Info: Driver file: pdftex.def on input line 149.

(C:\Users\Animikh Roy\AppData\Local\Programs\MiKTeX 2.9\tex/latex/graphics-def\
pdftex.def
File: pdftex.def 2020/10/05 v1.2a Graphics/color driver for pdftex
))
(C:\Users\Animikh Roy\AppData\Local\Programs\MiKTeX 2.9\tex/latex/listings\list
ings.sty
\lst@mode=\count274
\lst@gtempboxa=\box50
\lst@token=\toks21
\lst@length=\count275
\lst@currlwidth=\dimen164
\lst@column=\count276
\lst@pos=\count277
\lst@lostspace=\dimen165
\lst@width=\dimen166
\lst@newlines=\count278
\lst@lineno=\count279
\lst@maxwidth=\dimen167

(C:\Users\Animikh Roy\AppData\Local\Programs\MiKTeX 2.9\tex/latex/listings\lstm
isc.sty
File: lstmisc.sty 2020/03/24 1.8d (Carsten Heinz)
\c@lstnumber=\count280
\lst@skipnumbers=\count281
\lst@framebox=\box51
)
(C:\Users\Animikh Roy\AppData\Local\Programs\MiKTeX 2.9\tex/latex/listings\list
ings.cfg
File: listings.cfg 2020/03/24 1.8d listings configuration
))
Package: listings 2020/03/24 1.8d (Carsten Heinz)

(C:\Users\Animikh Roy\AppData\Local\Programs\MiKTeX 2.9\tex/latex/newtxtt\newtx
tt.sty
Package: newtxtt 2014/12/23 v1.051

`newtxtt' v1.051, 2014/12/23 Typewriter text macros based on txfonts (msharpe)
(C:\Users\Animikh Roy\AppData\Local\Programs\MiKTeX 2.9\tex/latex/base\fontenc.
sty
Package: fontenc 2021/04/29 v2.0v Standard LaTeX package
)
(C:\Users\Animikh Roy\AppData\Local\Programs\MiKTeX 2.9\tex/latex/base\textcomp
.sty
Package: textcomp 2020/02/02 v2.0n Standard LaTeX package
)
LaTeX Font Info:    Setting newtxtt sub-encoding to TS1/0 on input line 9.
LaTeX Font Info:    Setting newtxttz sub-encoding to TS1/0 on input line 10.

(C:\Users\Animikh Roy\AppData\Local\Programs\MiKTeX 2.9\tex/latex/xkeyval\xkeyv
al.sty
Package: xkeyval 2020/11/20 v2.8 package option processing (HA)

(C:\Users\Animikh Roy\AppData\Local\Programs\MiKTeX 2.9\tex/generic/xkeyval\xke
yval.tex
(C:\Users\Animikh Roy\AppData\Local\Programs\MiKTeX 2.9\tex/generic/xkeyval\xkv
utils.tex
\XKV@toks=\toks22
\XKV@tempa@toks=\toks23
)
\XKV@depth=\count282
File: xkeyval.tex 2014/12/03 v2.7a key=value parser (HA)
)))
(C:\Users\Animikh Roy\AppData\Local\Programs\MiKTeX 2.9\tex/latex/units\nicefra
c.sty
Package: nicefrac 1998/08/04 v0.9b Nice fractions
\L@UnitsRaiseDisplaystyle=\skip61
\L@UnitsRaiseTextstyle=\skip62
\L@UnitsRaiseScriptstyle=\skip63
)
(C:\Users\Animikh Roy\AppData\Local\Programs\MiKTeX 2.9\tex/latex/microtype\mic
rotype.sty
Package: microtype 2021/03/14 v2.8c Micro-typographical refinements (RS)
\MT@toks=\toks24
\MT@count=\count283
LaTeX Info: Redefining \textls on input line 790.
\MT@outer@kern=\dimen168
LaTeX Info: Redefining \textmicrotypecontext on input line 1374.
\MT@listname@count=\count284

(C:\Users\Animikh Roy\AppData\Local\Programs\MiKTeX 2.9\tex/latex/microtype\mic
rotype-pdftex.def
File: microtype-pdftex.def 2021/03/14 v2.8c Definitions specific to pdftex (RS)

LaTeX Info: Redefining \lsstyle on input line 915.
LaTeX Info: Redefining \lslig on input line 915.
\MT@outer@space=\skip64
)
Package microtype Info: Loading configuration file microtype.cfg.

(C:\Users\Animikh Roy\AppData\Local\Programs\MiKTeX 2.9\tex/latex/microtype\mic
rotype.cfg
File: microtype.cfg 2021/03/14 v2.8c microtype main configuration file (RS)
))
(C:\Users\Animikh Roy\AppData\Local\Programs\MiKTeX 2.9\tex/latex/lipsum\lipsum
.sty
(C:\Users\Animikh Roy\AppData\Local\Programs\MiKTeX 2.9\tex/latex/l3packages/l3
keys2e\l3keys2e.sty
(C:\Users\Animikh Roy\AppData\Local\Programs\MiKTeX 2.9\tex/latex/l3kernel\expl
3.sty
Package: expl3 2021-08-27 L3 programming layer (loader) 

(C:\Users\Animikh Roy\AppData\Local\Programs\MiKTeX 2.9\tex/latex/l3backend\l3b
ackend-pdftex.def
File: l3backend-pdftex.def 2021-08-04 L3 backend support: PDF output (pdfTeX)
\l__color_backend_stack_int=\count285
\l__pdf_internal_box=\box52
))
Package: l3keys2e 2021-08-27 LaTeX2e option processing using LaTeX3 keys
)
Package: lipsum 2021-08-01 v2.5 150 paragraphs of Lorem Ipsum dummy text
\g__lipsum_par_int=\count286
\l__lipsum_a_int=\count287
\l__lipsum_b_int=\count288

(C:\Users\Animikh Roy\AppData\Local\Programs\MiKTeX 2.9\tex/latex/lipsum\lipsum
.ltd.tex))
(C:\Users\Animikh Roy\AppData\Local\Programs\MiKTeX 2.9\tex/latex/graphics\grap
hicx.sty
Package: graphicx 2020/12/05 v1.2c Enhanced LaTeX Graphics (DPC,SPQR)

(C:\Users\Animikh Roy\AppData\Local\Programs\MiKTeX 2.9\tex/latex/graphics\grap
hics.sty
Package: graphics 2021/03/04 v1.4d Standard LaTeX Graphics (DPC,SPQR)

(C:\Users\Animikh Roy\AppData\Local\Programs\MiKTeX 2.9\tex/latex/graphics\trig
.sty
Package: trig 2016/01/03 v1.10 sin cos tan (DPC)
)
(C:\Users\Animikh Roy\AppData\Local\Programs\MiKTeX 2.9\tex/latex/graphics-cfg\
graphics.cfg
File: graphics.cfg 2016/06/04 v1.11 sample graphics configuration
)
Package graphics Info: Driver file: pdftex.def on input line 107.
)
\Gin@req@height=\dimen169
\Gin@req@width=\dimen170
)
(C:\Users\Animikh Roy\AppData\Local\Programs\MiKTeX 2.9\tex/latex/tools\multico
l.sty
Package: multicol 2019/12/09 v1.8y multicolumn formatting (FMi)
\c@tracingmulticols=\count289
\mult@box=\box53
\multicol@leftmargin=\dimen171
\c@unbalance=\count290
\c@collectmore=\count291
\doublecol@number=\count292
\multicoltolerance=\count293
\multicolpretolerance=\count294
\full@width=\dimen172
\page@free=\dimen173
\premulticols=\dimen174
\postmulticols=\dimen175
\multicolsep=\skip65
\multicolbaselineskip=\skip66
\partial@page=\box54
\last@line=\box55
\maxbalancingoverflow=\dimen176
\mult@rightbox=\box56
\mult@grightbox=\box57
\mult@gfirstbox=\box58
\mult@firstbox=\box59
\@tempa=\box60
\@tempa=\box61
\@tempa=\box62
\@tempa=\box63
\@tempa=\box64
\@tempa=\box65
\@tempa=\box66
\@tempa=\box67
\@tempa=\box68
\@tempa=\box69
\@tempa=\box70
\@tempa=\box71
\@tempa=\box72
\@tempa=\box73
\@tempa=\box74
\@tempa=\box75
\@tempa=\box76
\@tempa=\box77
\@tempa=\box78
\@tempa=\box79
\@tempa=\box80
\@tempa=\box81
\@tempa=\box82
\@tempa=\box83
\@tempa=\box84
\@tempa=\box85
\@tempa=\box86
\@tempa=\box87
\@tempa=\box88
\@tempa=\box89
\@tempa=\box90
\@tempa=\box91
\@tempa=\box92
\@tempa=\box93
\@tempa=\box94
\@tempa=\box95
\@tempa=\box96
\c@minrows=\count295
\c@columnbadness=\count296
\c@finalcolumnbadness=\count297
\last@try=\dimen177
\multicolovershoot=\dimen178
\multicolundershoot=\dimen179
\mult@nat@firstbox=\box97
\colbreak@box=\box98
\mc@col@check@num=\count298
)
(C:\Users\Animikh Roy\AppData\Local\Programs\MiKTeX 2.9\tex/latex/amsmath\amsma
th.sty
Package: amsmath 2021/04/20 v2.17j AMS math features
\@mathmargin=\skip67

For additional information on amsmath, use the `?' option.

(C:\Users\Animikh Roy\AppData\Local\Programs\MiKTeX 2.9\tex/latex/amsmath\amste
xt.sty
Package: amstext 2000/06/29 v2.01 AMS text

(C:\Users\Animikh Roy\AppData\Local\Programs\MiKTeX 2.9\tex/latex/amsmath\amsge
n.sty
File: amsgen.sty 1999/11/30 v2.0 generic functions
\@emptytoks=\toks25
\ex@=\dimen180
))
(C:\Users\Animikh Roy\AppData\Local\Programs\MiKTeX 2.9\tex/latex/amsmath\amsbs
y.sty
Package: amsbsy 1999/11/29 v1.2d Bold Symbols
\pmbraise@=\dimen181
)
(C:\Users\Animikh Roy\AppData\Local\Programs\MiKTeX 2.9\tex/latex/amsmath\amsop
n.sty
Package: amsopn 2016/03/08 v2.02 operator names
)
\inf@bad=\count299
LaTeX Info: Redefining \frac on input line 234.
\uproot@=\count300
\leftroot@=\count301
LaTeX Info: Redefining \overline on input line 399.
\classnum@=\count302
\DOTSCASE@=\count303
LaTeX Info: Redefining \ldots on input line 496.
LaTeX Info: Redefining \dots on input line 499.
LaTeX Info: Redefining \cdots on input line 620.
\Mathstrutbox@=\box99
\strutbox@=\box100
\big@size=\dimen182
LaTeX Font Info:    Redeclaring font encoding OML on input line 743.
LaTeX Font Info:    Redeclaring font encoding OMS on input line 744.
\macc@depth=\count304
\c@MaxMatrixCols=\count305
\dotsspace@=\muskip17
\c@parentequation=\count306
\dspbrk@lvl=\count307
\tag@help=\toks26
\row@=\count308
\column@=\count309
\maxfields@=\count310
\andhelp@=\toks27
\eqnshift@=\dimen183
\alignsep@=\dimen184
\tagshift@=\dimen185
\tagwidth@=\dimen186
\totwidth@=\dimen187
\lineht@=\dimen188
\@envbody=\toks28
\multlinegap=\skip68
\multlinetaggap=\skip69
\mathdisplay@stack=\toks29
LaTeX Info: Redefining \[ on input line 2923.
LaTeX Info: Redefining \] on input line 2924.
)
(C:\Users\Animikh Roy\AppData\Local\Programs\MiKTeX 2.9\tex/latex/sttools\cuted
.sty
Package: cuted 2012/10/04 v1.5 Mixing onecolumn and twocolumn modes
\At@ViperColsBreak=\toks30
\v@aaa=\box101
\v@ccc=\box102
\lastskip@a=\skip70
\lastskip@b=\skip71
\lastskip@d=\skip72
\lastbox@a=\box103
\stripsep=\skip73
\@viper=\box104
\viper@penalty=\count311
\hold@viper=\box105
\ht@viper=\dimen189
)
(C:\Users\Animikh Roy\AppData\Local\Programs\MiKTeX 2.9\tex/latex/float\float.s
ty
Package: float 2001/11/08 v1.3d Float enhancements (AL)
\c@float@type=\count312
\float@exts=\toks31
\float@box=\box106
\@float@everytoks=\toks32
\@floatcapt=\box107
)
(C:\Users\Animikh Roy\AppData\Local\Programs\MiKTeX 2.9\tex/latex/biblatex\bibl
atex.sty
Package: biblatex 2020/12/31 v3.16 programmable bibliographies (PK/MW)

(C:\Users\Animikh Roy\AppData\Local\Programs\MiKTeX 2.9\tex/latex/etoolbox\etoo
lbox.sty
Package: etoolbox 2020/10/05 v2.5k e-TeX tools for LaTeX (JAW)
\etb@tempcnta=\count313
)
(C:\Users\Animikh Roy\AppData\Local\Programs\MiKTeX 2.9\tex/latex/logreq\logreq
.sty
Package: logreq 2010/08/04 v1.0 xml request logger
\lrq@indent=\count314

(C:\Users\Animikh Roy\AppData\Local\Programs\MiKTeX 2.9\tex/latex/logreq\logreq
.def
File: logreq.def 2010/08/04 v1.0 logreq spec v1.0
))
\c@tabx@nest=\count315
\c@listtotal=\count316
\c@listcount=\count317
\c@liststart=\count318
\c@liststop=\count319
\c@citecount=\count320
\c@citetotal=\count321
\c@multicitecount=\count322
\c@multicitetotal=\count323
\c@instcount=\count324
\c@maxnames=\count325
\c@minnames=\count326
\c@maxitems=\count327
\c@minitems=\count328
\c@citecounter=\count329
\c@maxcitecounter=\count330
\c@savedcitecounter=\count331
\c@uniquelist=\count332
\c@uniquename=\count333
\c@refsection=\count334
\c@refsegment=\count335
\c@maxextratitle=\count336
\c@maxextratitleyear=\count337
\c@maxextraname=\count338
\c@maxextradate=\count339
\c@maxextraalpha=\count340
\c@abbrvpenalty=\count341
\c@highnamepenalty=\count342
\c@lownamepenalty=\count343
\c@maxparens=\count344
\c@parenlevel=\count345
\blx@tempcnta=\count346
\blx@tempcntb=\count347
\blx@tempcntc=\count348
\blx@maxsection=\count349
\blx@maxsegment@0=\count350
\blx@notetype=\count351
\blx@parenlevel@text=\count352
\blx@parenlevel@foot=\count353
\blx@sectionciteorder@0=\count354
\blx@entrysetcounter=\count355
\blx@biblioinstance=\count356
\labelnumberwidth=\skip74
\labelalphawidth=\skip75
\biblabelsep=\skip76
\bibitemsep=\skip77
\bibnamesep=\skip78
\bibinitsep=\skip79
\bibparsep=\skip80
\bibhang=\skip81
\blx@bcfin=\read2
\blx@bcfout=\write3
\blx@langwohyphens=\language83
\c@mincomprange=\count357
\c@maxcomprange=\count358
\c@mincompwidth=\count359
Package biblatex Info: Trying to load biblatex default data model...
Package biblatex Info: ... file 'blx-dm.def' found.

(C:\Users\Animikh Roy\AppData\Local\Programs\MiKTeX 2.9\tex/latex/biblatex\blx-
dm.def
File: blx-dm.def 2020/12/31 v3.16 biblatex localization (PK/MW)
)
Package biblatex Info: Trying to load biblatex custom data model...
Package biblatex Info: ... file 'biblatex-dm.cfg' not found.
\c@afterword=\count360
\c@savedafterword=\count361
\c@annotator=\count362
\c@savedannotator=\count363
\c@author=\count364
\c@savedauthor=\count365
\c@bookauthor=\count366
\c@savedbookauthor=\count367
\c@commentator=\count368
\c@savedcommentator=\count369
\c@editor=\count370
\c@savededitor=\count371
\c@editora=\count372
\c@savededitora=\count373
\c@editorb=\count374
\c@savededitorb=\count375
\c@editorc=\count376
\c@savededitorc=\count377
\c@foreword=\count378
\c@savedforeword=\count379
\c@holder=\count380
\c@savedholder=\count381
\c@introduction=\count382
\c@savedintroduction=\count383
\c@namea=\count384
\c@savednamea=\count385
\c@nameb=\count386
\c@savednameb=\count387
\c@namec=\count388
\c@savednamec=\count389
\c@translator=\count390
\c@savedtranslator=\count391
\c@shortauthor=\count392
\c@savedshortauthor=\count393
\c@shorteditor=\count394
\c@savedshorteditor=\count395
\c@labelname=\count396
\c@savedlabelname=\count397
\c@institution=\count398
\c@savedinstitution=\count399
\c@lista=\count400
\c@savedlista=\count401
\c@listb=\count402
\c@savedlistb=\count403
\c@listc=\count404
\c@savedlistc=\count405
\c@listd=\count406
\c@savedlistd=\count407
\c@liste=\count408
\c@savedliste=\count409
\c@listf=\count410
\c@savedlistf=\count411
\c@location=\count412
\c@savedlocation=\count413
\c@organization=\count414
\c@savedorganization=\count415
\c@origlocation=\count416
\c@savedoriglocation=\count417
\c@origpublisher=\count418
\c@savedorigpublisher=\count419
\c@publisher=\count420
\c@savedpublisher=\count421
\c@language=\count422
\c@savedlanguage=\count423
\c@origlanguage=\count424
\c@savedoriglanguage=\count425
\c@pageref=\count426
\c@savedpageref=\count427
\shorthandwidth=\skip82
\shortjournalwidth=\skip83
\shortserieswidth=\skip84
\shorttitlewidth=\skip85
\shortauthorwidth=\skip86
\shorteditorwidth=\skip87
\locallabelnumberwidth=\skip88
\locallabelalphawidth=\skip89
\localshorthandwidth=\skip90
\localshortjournalwidth=\skip91
\localshortserieswidth=\skip92
\localshorttitlewidth=\skip93
\localshortauthorwidth=\skip94
\localshorteditorwidth=\skip95
Package biblatex Info: Trying to load compatibility code...
Package biblatex Info: ... file 'blx-compat.def' found.

(C:\Users\Animikh Roy\AppData\Local\Programs\MiKTeX 2.9\tex/latex/biblatex\blx-
compat.def
File: blx-compat.def 2020/12/31 v3.16 biblatex compatibility (PK/MW)
)
Package biblatex Info: Trying to load generic definitions...
Package biblatex Info: ... file 'biblatex.def' found.

(C:\Users\Animikh Roy\AppData\Local\Programs\MiKTeX 2.9\tex/latex/biblatex\bibl
atex.def
File: biblatex.def 2020/12/31 v3.16 biblatex compatibility (PK/MW)
\c@textcitecount=\count428
\c@textcitetotal=\count429
\c@textcitemaxnames=\count430
\c@biburlbigbreakpenalty=\count431
\c@biburlbreakpenalty=\count432
\c@biburlnumpenalty=\count433
\c@biburlucpenalty=\count434
\c@biburllcpenalty=\count435
\biburlbigskip=\muskip18
\biburlnumskip=\muskip19
\biburlucskip=\muskip20
\biburllcskip=\muskip21
\c@smartand=\count436
)
Package biblatex Info: Trying to load bibliography style 'numeric'...
Package biblatex Info: ... file 'numeric.bbx' found.

(C:\Users\Animikh Roy\AppData\Local\Programs\MiKTeX 2.9\tex/latex/biblatex/bbx\
numeric.bbx
File: numeric.bbx 2020/12/31 v3.16 biblatex bibliography style (PK/MW)
Package biblatex Info: Trying to load bibliography style 'standard'...
Package biblatex Info: ... file 'standard.bbx' found.

(C:\Users\Animikh Roy\AppData\Local\Programs\MiKTeX 2.9\tex/latex/biblatex/bbx\
standard.bbx
File: standard.bbx 2020/12/31 v3.16 biblatex bibliography style (PK/MW)
\c@bbx:relatedcount=\count437
\c@bbx:relatedtotal=\count438
))
Package biblatex Info: Trying to load citation style 'numeric'...
Package biblatex Info: ... file 'numeric.cbx' found.

(C:\Users\Animikh Roy\AppData\Local\Programs\MiKTeX 2.9\tex/latex/biblatex/cbx\
numeric.cbx
File: numeric.cbx 2020/12/31 v3.16 biblatex citation style (PK/MW)
Package biblatex Info: Redefining '\cite'.
Package biblatex Info: Redefining '\parencite'.
Package biblatex Info: Redefining '\footcite'.
Package biblatex Info: Redefining '\footcitetext'.
Package biblatex Info: Redefining '\smartcite'.
Package biblatex Info: Redefining '\supercite'.
Package biblatex Info: Redefining '\textcite'.
Package biblatex Info: Redefining '\textcites'.
Package biblatex Info: Redefining '\cites'.
Package biblatex Info: Redefining '\parencites'.
Package biblatex Info: Redefining '\smartcites'.
)
Package biblatex Info: Trying to load configuration file...
Package biblatex Info: ... file 'biblatex.cfg' found.

(C:\Users\Animikh Roy\AppData\Local\Programs\MiKTeX 2.9\tex/latex/biblatex\bibl
atex.cfg
File: biblatex.cfg 
))
(C:\Users\Animikh Roy\AppData\Local\Programs\MiKTeX 2.9\tex/latex/titlesec\titl
esec.sty
Package: titlesec 2021/07/05 v2.14 Sectioning titles
\ttl@box=\box108
\beforetitleunit=\skip96
\aftertitleunit=\skip97
\ttl@plus=\dimen190
\ttl@minus=\dimen191
\ttl@toksa=\toks33
\titlewidth=\dimen192
\titlewidthlast=\dimen193
\titlewidthfirst=\dimen194
)
   defining Unicode char U+2212 (decimal 8722)
   defining Unicode char U+2009 (decimal 8201)
\@quotelevel=\count439
\@quotereset=\count440

(novel_approach_to_topological_graph_theory_with_rk_diagrams_and_gravitational_
wave_analysis.aux

LaTeX Warning: Label `fig:example_pipeline_fig' multiply defined.


LaTeX Warning: Label `fig:fig1' multiply defined.


LaTeX Warning: Label `fig:fig1' multiply defined.


LaTeX Warning: Label `fig:nodemask' multiply defined.


LaTeX Warning: Label `fig:linker' multiply defined.


LaTeX Warning: Label `fig:linker' multiply defined.


LaTeX Warning: Label `fig:linker' multiply defined.


LaTeX Warning: Label `fig:sample store sales dataset' multiply defined.


LaTeX Warning: Label `fig:nodemask' multiply defined.


LaTeX Warning: Label `fig:fig5' multiply defined.


LaTeX Warning: Label `fig:linker' multiply defined.


LaTeX Warning: Label `fig:fig5' multiply defined.


LaTeX Warning: Label `fig:fig5' multiply defined.


LaTeX Warning: Label `fig:fig5' multiply defined.


LaTeX Warning: Label `fig:LIGO2_PlaceHolder_fig' multiply defined.

)
\openout1 = `novel_approach_to_topological_graph_theory_with_rk_diagrams_and_gr
avitational_wave_analysis.aux'.

LaTeX Font Info:    Checking defaults for OML/cmm/m/it on input line 72.
LaTeX Font Info:    ... okay on input line 72.
LaTeX Font Info:    Checking defaults for OMS/cmsy/m/n on input line 72.
LaTeX Font Info:    ... okay on input line 72.
LaTeX Font Info:    Checking defaults for OT1/cmr/m/n on input line 72.
LaTeX Font Info:    ... okay on input line 72.
LaTeX Font Info:    Checking defaults for T1/cmr/m/n on input line 72.
LaTeX Font Info:    ... okay on input line 72.
LaTeX Font Info:    Checking defaults for TS1/cmr/m/n on input line 72.
LaTeX Font Info:    ... okay on input line 72.
LaTeX Font Info:    Checking defaults for OMX/cmex/m/n on input line 72.
LaTeX Font Info:    ... okay on input line 72.
LaTeX Font Info:    Checking defaults for U/cmr/m/n on input line 72.
LaTeX Font Info:    ... okay on input line 72.
LaTeX Font Info:    Checking defaults for PD1/pdf/m/n on input line 72.
LaTeX Font Info:    ... okay on input line 72.
LaTeX Font Info:    Checking defaults for PU/pdf/m/n on input line 72.
LaTeX Font Info:    ... okay on input line 72.

*geometry* driver: auto-detecting
*geometry* detected driver: pdftex
*geometry* verbose mode - [ preamble ] result:
* driver: pdftex
* paper: letterpaper
* layout: <same size as paper>
* layoutoffset:(h,v)=(0.0pt,0.0pt)
* modes: 
* h-part:(L,W,R)=(92.14519pt, 430.00462pt, 92.14519pt)
* v-part:(T,H,B)=(95.39737pt, 556.47656pt, 143.09605pt)
* \paperwidth=614.295pt
* \paperheight=794.96999pt
* \textwidth=430.00462pt
* \textheight=556.47656pt
* \oddsidemargin=19.8752pt
* \evensidemargin=19.8752pt
* \topmargin=-13.87262pt
* \headheight=12.0pt
* \headsep=25.0pt
* \topskip=10.0pt
* \footskip=30.0pt
* \marginparwidth=65.0pt
* \marginparsep=11.0pt
* \columnsep=28.45274pt
* \skip\footins=9.0pt plus 4.0pt minus 2.0pt
* \hoffset=0.0pt
* \voffset=0.0pt
* \mag=1000
* \@twocolumnfalse
* \@twosidefalse
* \@mparswitchfalse
* \@reversemarginfalse
* (1in=72.27pt=25.4mm, 1cm=28.453pt)

*geometry* verbose mode - [ newgeometry ] result:
* driver: pdftex
* paper: letterpaper
* layout: <same size as paper>
* layoutoffset:(h,v)=(0.0pt,0.0pt)
* modes: 
* h-part:(L,W,R)=(72.27pt, 469.75499pt, 72.27pt)
* v-part:(T,H,B)=(72.26999pt, 650.43pt, 72.27pt)
* \paperwidth=614.295pt
* \paperheight=794.96999pt
* \textwidth=469.75499pt
* \textheight=650.43pt
* \oddsidemargin=0.00002pt
* \evensidemargin=0.00002pt
* \topmargin=-39.0pt
* \headheight=14.0pt
* \headsep=25.0pt
* \topskip=10.0pt
* \footskip=30.0pt
* \marginparwidth=65.0pt
* \marginparsep=11.0pt
* \columnsep=28.45274pt
* \skip\footins=9.0pt plus 4.0pt minus 2.0pt
* \hoffset=0.0pt
* \voffset=0.0pt
* \mag=1000
* \@twocolumnfalse
* \@twosidefalse
* \@mparswitchfalse
* \@reversemarginfalse
* (1in=72.27pt=25.4mm, 1cm=28.453pt)

Package hyperref Info: Link coloring OFF on input line 72.

(C:\Users\Animikh Roy\AppData\Local\Programs\MiKTeX 2.9\tex/latex/hyperref\name
ref.sty
Package: nameref 2021-04-02 v2.47 Cross-referencing by name of section

(C:\Users\Animikh Roy\AppData\Local\Programs\MiKTeX 2.9\tex/latex/refcount\refc
ount.sty
Package: refcount 2019/12/15 v3.6 Data extraction from label references (HO)
)
(C:\Users\Animikh Roy\AppData\Local\Programs\MiKTeX 2.9\tex/generic/gettitlestr
ing\gettitlestring.sty
Package: gettitlestring 2019/12/15 v1.6 Cleanup title references (HO)
)
\c@section@level=\count441
)
LaTeX Info: Redefining \ref on input line 72.
LaTeX Info: Redefining \pageref on input line 72.
LaTeX Info: Redefining \nameref on input line 72.

(novel_approach_to_topological_graph_theory_with_rk_diagrams_and_gravitational_
wave_analysis.out)
(novel_approach_to_topological_graph_theory_with_rk_diagrams_and_gravitational_
wave_analysis.out)
\@outlinefile=\write4
\openout4 = `novel_approach_to_topological_graph_theory_with_rk_diagrams_and_gr
avitational_wave_analysis.out'.


(C:\Users\Animikh Roy\AppData\Local\Programs\MiKTeX 2.9\tex/context/base/mkii\s
upp-pdf.mkii
[Loading MPS to PDF converter (version 2006.09.02).]
\scratchcounter=\count442
\scratchdimen=\dimen195
\scratchbox=\box109
\nofMPsegments=\count443
\nofMParguments=\count444
\everyMPshowfont=\toks34
\MPscratchCnt=\count445
\MPscratchDim=\dimen196
\MPnumerator=\count446
\makeMPintoPDFobject=\count447
\everyMPtoPDFconversion=\toks35
)
(C:\Users\Animikh Roy\AppData\Local\Programs\MiKTeX 2.9\tex/latex/epstopdf-pkg\
epstopdf-base.sty
Package: epstopdf-base 2020-01-24 v2.11 Base part for package epstopdf
Package epstopdf-base Info: Redefining graphics rule for `.eps' on input line 4
85.

(C:\Users\Animikh Roy\AppData\Local\Programs\MiKTeX 2.9\tex/latex/00miktex\epst
opdf-sys.cfg
File: epstopdf-sys.cfg 2021/03/18 v2.0 Configuration of epstopdf for MiKTeX
))
\c@lstlisting=\count448
LaTeX Info: Redefining \microtypecontext on input line 72.
Package microtype Info: Generating PDF output.
Package microtype Info: Character protrusion enabled (level 2).
Package microtype Info: Using default protrusion set `alltext'.
Package microtype Info: Automatic font expansion enabled (level 2),
(microtype)             stretch: 20, shrink: 20, step: 1, non-selected.
Package microtype Info: Using default expansion set `alltext-nott'.
LaTeX Info: Redefining \showhyphens on input line 72.
Package microtype Info: No adjustment of tracking.
Package microtype Info: No adjustment of interword spacing.
Package microtype Info: No adjustment of character kerning.

(C:\Users\Animikh Roy\AppData\Local\Programs\MiKTeX 2.9\tex/latex/microtype\mt-
ptm.cfg
File: mt-ptm.cfg 2006/04/20 v1.7 microtype config. file: Times (RS)
)
Package biblatex Info: Trying to load language 'english'...
Package biblatex Info: ... file 'english.lbx' found.

(C:\Users\Animikh Roy\AppData\Local\Programs\MiKTeX 2.9\tex/latex/biblatex/lbx\
english.lbx
File: english.lbx 2020/12/31 v3.16 biblatex localization (PK/MW)
)
Package biblatex Info: Input encoding 'utf8' detected.
Package biblatex Info: Automatic encoding selection.
(biblatex)             Assuming data encoding 'utf8'.
Package biblatex Info: Document encoding is UTF8 ....
Package biblatex Info: ... and expl3
(biblatex)             2021-08-27 L3 programming layer (loader) 
(biblatex)             is new enough (at least 2020/04/06),
(biblatex)             setting 'casechanger=expl3'.

(C:\Users\Animikh Roy\AppData\Local\Programs\MiKTeX 2.9\tex/latex/biblatex\blx-
case-expl3.sty
(C:\Users\Animikh Roy\AppData\Local\Programs\MiKTeX 2.9\tex/latex/l3packages/xp
arse\xparse.sty
Package: xparse 2021-08-27 L3 Experimental document command parser
)
Package: blx-case-expl3 2020/12/31 v3.16 expl3 case changing code for biblatex
)
\openout3 = `novel_approach_to_topological_graph_theory_with_rk_diagrams_and_gr
avitational_wave_analysis.bcf'.

Package biblatex Info: Trying to load bibliographic data...
Package biblatex Info: ... file 'novel_approach_to_topological_graph_theory_wit
h_rk_diagrams_and_gravitational_wave_analysis.bbl' found.

(novel_approach_to_topological_graph_theory_with_rk_diagrams_and_gravitational_
wave_analysis.bbl)
Package biblatex Info: Reference section=0 on input line 72.
Package biblatex Info: Reference segment=0 on input line 72.

(C:\Users\Animikh Roy\AppData\Local\Programs\MiKTeX 2.9\tex/latex/microtype\mt-
cmr.cfg
File: mt-cmr.cfg 2013/05/19 v2.2 microtype config. file: Computer Modern Roman 
(RS)
)
LaTeX Font Info:    Trying to load font information for U+msa on input line 76.


(C:\Users\Animikh Roy\AppData\Local\Programs\MiKTeX 2.9\tex/latex/amsfonts\umsa
.fd
File: umsa.fd 2013/01/14 v3.01 AMS symbols A
)
(C:\Users\Animikh Roy\AppData\Local\Programs\MiKTeX 2.9\tex/latex/microtype\mt-
msa.cfg
File: mt-msa.cfg 2006/02/04 v1.1 microtype config. file: AMS symbols (a) (RS)
)
LaTeX Font Info:    Trying to load font information for U+msb on input line 76.


(C:\Users\Animikh Roy\AppData\Local\Programs\MiKTeX 2.9\tex/latex/amsfonts\umsb
.fd
File: umsb.fd 2013/01/14 v3.01 AMS symbols B
)
(C:\Users\Animikh Roy\AppData\Local\Programs\MiKTeX 2.9\tex/latex/microtype\mt-
msb.cfg
File: mt-msb.cfg 2005/06/01 v1.0 microtype config. file: AMS symbols (b) (RS)
)
LaTeX Font Info:    Trying to load font information for T1+newtxtt on input lin
e 76.

(C:\Users\Animikh Roy\AppData\Local\Programs\MiKTeX 2.9\tex/latex/newtxtt\t1new
txtt.fd
File: t1newtxtt.fd 2020/02/15 Font definitions for T1/newtxtt.
)
LaTeX Font Info:    Font shape `T1/newtxtt/m/n' will be
(Font)              scaled to size 10.0pt on input line 76.
Package microtype Info: Loading generic protrusion settings for font family
(microtype)             `newtxtt' (encoding: T1).
(microtype)             For optimal results, create family-specific settings.
(microtype)             See the microtype manual for details.
 (sections/abstract.tex
Overfull \hbox (5.92628pt too wide) in paragraph at lines 2--3
\T1/ptm/b/it/10 (-20) ``(R-K) Models''\T1/ptm/m/it/10 (-20) . We finally aim to
 provide an efficient computational framework via the \T1/ptm/b/it/10 (-20) ``(
R-K) Pipeline''
 []

) [1


{C:/Users/Animikh Roy/AppData/Local/MiKTeX/2.9/pdftex/config/pdftex.map}]
(sections/introduction.tex [2]) (sections/formulaism.tex
<./images//01_seven bridges of konigsberg.jpg, id=506, 1204.5pt x 274.02374pt>
File: ./images//01_seven bridges of konigsberg.jpg Graphic file (type jpg)
<use ./images//01_seven bridges of konigsberg.jpg>
Package pdftex.def Info: ./images//01_seven bridges of konigsberg.jpg  used on 
input line 12.
(pdftex.def)             Requested size: 220.65112pt x 50.19601pt.
 [3pdfTeX warning (ext4): destination with the same identifier (name{figure.1})
 has been already used, duplicate ignored
<argument> ...shipout:D \box_use:N \l_shipout_box 
                                                  \__shipout_drop_firstpage_...
l.22 
      <./images//01_seven bridges of konigsberg.jpg>] [4] [5]
<./images//03_Phase Space Projections.jpg, id=607, 833.1125pt x 571.13374pt>
File: ./images//03_Phase Space Projections.jpg Graphic file (type jpg)
<use ./images//03_Phase Space Projections.jpg>
Package pdftex.def Info: ./images//03_Phase Space Projections.jpg  used on inpu
t line 79.
(pdftex.def)             Requested size: 220.65112pt x 151.26257pt.
 [6]
<./images//02_Homotopy cup doughnut.jpg, id=620, 1151.30125pt x 456.70625pt>
File: ./images//02_Homotopy cup doughnut.jpg Graphic file (type jpg)
<use ./images//02_Homotopy cup doughnut.jpg>
Package pdftex.def Info: ./images//02_Homotopy cup doughnut.jpg  used on input 
line 92.
(pdftex.def)             Requested size: 220.65112pt x 87.52771pt.
 [7pdfTeX warning (ext4): destination with the same identifier (name{figure.2})
 has been already used, duplicate ignored
<argument> ...shipout:D \box_use:N \l_shipout_box 
                                                  \__shipout_drop_firstpage_...
l.114 
      pdfTeX warning (ext4): destination with the same identifier (name{figure.
3}) has been already used, duplicate ignored
<argument> ...shipout:D \box_use:N \l_shipout_box 
                                                  \__shipout_drop_firstpage_...
l.114 
       <./images//03_Phase Space Projections.jpg> <./images//02_Homotopy cup do
ughnut.jpg>] [8]
<images/Persitent Homology Point Cloud Filtration Process.jpg, id=684, 1230.597
5pt x 202.7575pt>
File: images/Persitent Homology Point Cloud Filtration Process.jpg Graphic file
 (type jpg)
<use images/Persitent Homology Point Cloud Filtration Process.jpg>
Package pdftex.def Info: images/Persitent Homology Point Cloud Filtration Proce
ss.jpg  used on input line 145.
(pdftex.def)             Requested size: 220.65112pt x 36.35245pt.


LaTeX Warning: Command \texttimes invalid in math mode on input line 160.

LaTeX Font Info:    Trying to load font information for TS1+ptm on input line 1
60.

(C:\Users\Animikh Roy\AppData\Local\Programs\MiKTeX 2.9\tex/latex/psnfss\ts1ptm
.fd
File: ts1ptm.fd 2001/06/04 font definitions for TS1/ptm.
)

LaTeX Warning: Command \texttimes invalid in math mode on input line 160.

Missing character: There is no Ö in font cmr10!

LaTeX Warning: Command \texttimes invalid in math mode on input line 160.


LaTeX Warning: Command \texttimes invalid in math mode on input line 160.

Missing character: There is no Ö in font cmr10!
[9pdfTeX warning (ext4): destination with the same identifier (name{figure.4}) 
has been already used, duplicate ignored
<argument> ...shipout:D \box_use:N \l_shipout_box 
                                                  \__shipout_drop_firstpage_...
l.161 
       <./images/Persitent Homology Point Cloud Filtration Process.jpg>])
(sections/novel_approach.tex

LaTeX Warning: Hyper reference `sec:TopoIdentifictaion' on page 10 undefined on
 input line 21.


LaTeX Warning: Hyper reference `sec:Classify' on page 10 undefined on input lin
e 21.

) (sections/implementation.tex [10] [11]
<./images//04_Physical Systems Dependent & Independent Variables.jpg, id=756, 1
388.18625pt x 684.5575pt>
File: ./images//04_Physical Systems Dependent & Independent Variables.jpg Graph
ic file (type jpg)
<use ./images//04_Physical Systems Dependent & Independent Variables.jpg>
Package pdftex.def Info: ./images//04_Physical Systems Dependent & Independent 
Variables.jpg  used on input line 50.
(pdftex.def)             Requested size: 234.87749pt x 115.81961pt.

Overfull \hbox (14.22636pt too wide) in paragraph at lines 50--51
 [][] 
 []

[12pdfTeX warning (ext4): destination with the same identifier (name{figure.5})
 has been already used, duplicate ignored
<argument> ...shipout:D \box_use:N \l_shipout_box 
                                                  \__shipout_drop_firstpage_...
l.79 
      <./images//04_Physical Systems Dependent & Independent Variables.jpg>]
<images/ss_dendrogram.png, id=769, 685.56125pt x 668.4975pt>
File: images/ss_dendrogram.png Graphic file (type png)
<use images/ss_dendrogram.png>
Package pdftex.def Info: images/ss_dendrogram.png  used on input line 88.
(pdftex.def)             Requested size: 234.87749pt x 229.03041pt.

Overfull \hbox (14.22636pt too wide) in paragraph at lines 88--89
 [][] 
 []

<images/simpliest_pipeline.png, id=770, 546.04pt x 272.01625pt>
File: images/simpliest_pipeline.png Graphic file (type png)
<use images/simpliest_pipeline.png>
Package pdftex.def Info: images/simpliest_pipeline.png  used on input line 99.
(pdftex.def)             Requested size: 234.87749pt x 117.00621pt.

Overfull \hbox (14.22636pt too wide) in paragraph at lines 99--100
 [][] 
 []

[13pdfTeX warning (ext4): destination with the same identifier (name{figure.6})
 has been already used, duplicate ignored
<argument> ...shipout:D \box_use:N \l_shipout_box 
                                                  \__shipout_drop_firstpage_...
l.109 A
       n Hierarchical Embedding Function ($f_{H}$) generates a graph $G$ fro...
 <./images/ss_dendrogram.png>]
<images/rkmodel.png, id=781, 753.81625pt x 422.57875pt>
File: images/rkmodel.png Graphic file (type png)
<use images/rkmodel.png>
Package pdftex.def Info: images/rkmodel.png  used on input line 122.
(pdftex.def)             Requested size: 234.87749pt x 131.66864pt.

Overfull \hbox (14.22636pt too wide) in paragraph at lines 122--123
 [][] 
 []


Package multicol Warning: Floats and marginpars not allowed inside `multicols' 
environment!.


Package multicol Warning: Floats and marginpars not allowed inside `multicols' 
environment!.

<images/base_hierarchy.png, id=782, 685.56125pt x 668.4975pt>
File: images/base_hierarchy.png Graphic file (type png)
<use images/base_hierarchy.png>
Package pdftex.def Info: images/base_hierarchy.png  used on input line 141.
(pdftex.def)             Requested size: 234.87749pt x 229.03041pt.

Overfull \hbox (14.22636pt too wide) in paragraph at lines 141--142
 [][] 
 []

[14pdfTeX warning (ext4): destination with the same identifier (name{figure.7})
 has been already used, duplicate ignored
<argument> ...shipout:D \box_use:N \l_shipout_box 
                                                  \__shipout_drop_firstpage_...
l.145 
       <./images/simpliest_pipeline.png>]
<images/expanded_node_structure.png, id=790, 685.56125pt x 668.4975pt>
File: images/expanded_node_structure.png Graphic file (type png)
<use images/expanded_node_structure.png>
Package pdftex.def Info: images/expanded_node_structure.png  used on input line
 149.
(pdftex.def)             Requested size: 234.87749pt x 229.03041pt.

Overfull \hbox (14.22636pt too wide) in paragraph at lines 149--150
 [][] 
 []

<images/nodemask.png, id=791, 447.6725pt x 296.10625pt>
File: images/nodemask.png Graphic file (type png)
<use images/nodemask.png>
Package pdftex.def Info: images/nodemask.png  used on input line 164.
(pdftex.def)             Requested size: 234.87749pt x 155.3587pt.

Overfull \hbox (14.22636pt too wide) in paragraph at lines 164--165
 [][] 
 []

[15pdfTeX warning (ext4): destination with the same identifier (name{figure.9})
 has been already used, duplicate ignored
<argument> ...shipout:D \box_use:N \l_shipout_box 
                                                  \__shipout_drop_firstpage_...
l.174 
      pdfTeX warning (ext4): destination with the same identifier (name{figure.
10}) has been already used, duplicate ignored
<argument> ...shipout:D \box_use:N \l_shipout_box 
                                                  \__shipout_drop_firstpage_...
l.174 
      pdfTeX warning (ext4): destination with the same identifier (name{figure.
11}) has been already used, duplicate ignored
<argument> ...shipout:D \box_use:N \l_shipout_box 
                                                  \__shipout_drop_firstpage_...
l.174 
       <./images/base_hierarchy.png> <./images/expanded_node_structure.png> <./
images/nodemask.png>]
<images/linkage.png, id=803, 688.5725pt x 296.10625pt>
File: images/linkage.png Graphic file (type png)
<use images/linkage.png>
Package pdftex.def Info: images/linkage.png  used on input line 177.
(pdftex.def)             Requested size: 234.87749pt x 101.00461pt.

Overfull \hbox (14.22636pt too wide) in paragraph at lines 177--178
 [][] 
 []

<images/lens_choice.png, id=804, 646.415pt x 364.36125pt>
File: images/lens_choice.png Graphic file (type png)
<use images/lens_choice.png>
Package pdftex.def Info: images/lens_choice.png  used on input line 201.
(pdftex.def)             Requested size: 234.87749pt x 132.39308pt.

Overfull \hbox (14.22636pt too wide) in paragraph at lines 201--202
 [][] 
 []

<images/rk-diagram-layouts.png, id=805, 697.60625pt x 226.8475pt>
File: images/rk-diagram-layouts.png Graphic file (type png)
<use images/rk-diagram-layouts.png>
Package pdftex.def Info: images/rk-diagram-layouts.png  used on input line 214.

(pdftex.def)             Requested size: 234.87749pt x 76.37599pt.

Overfull \hbox (14.22636pt too wide) in paragraph at lines 214--215
 [][] 
 []

[16pdfTeX warning (ext4): destination with the same identifier (name{figure.12}
) has been already used, duplicate ignored
<argument> ...shipout:D \box_use:N \l_shipout_box 
                                                  \__shipout_drop_firstpage_...
l.218 
      pdfTeX warning (ext4): destination with the same identifier (name{figure.
13}) has been already used, duplicate ignored
<argument> ...shipout:D \box_use:N \l_shipout_box 
                                                  \__shipout_drop_firstpage_...
l.218 
       <./images/linkage.png> <./images/lens_choice.png>] [17pdfTeX warning (ex
t4): destination with the same identifier (name{figure.14}) has been already us
ed, duplicate ignored
<argument> ...shipout:D \box_use:N \l_shipout_box 
                                                  \__shipout_drop_firstpage_...
l.259 
       <./images/rk-diagram-layouts.png>]
<images/value_cost.png, id=837, 646.415pt x 364.36125pt>
File: images/value_cost.png Graphic file (type png)
<use images/value_cost.png>
Package pdftex.def Info: images/value_cost.png  used on input line 272.
(pdftex.def)             Requested size: 469.75499pt x 264.78616pt.
 [18]
<images/compression_example2.png, id=849, 563.10374pt x 240.9pt>
File: images/compression_example2.png Graphic file (type png)
<use images/compression_example2.png>
Package pdftex.def Info: images/compression_example2.png  used on input line 32
2.
(pdftex.def)             Requested size: 234.87749pt x 100.48256pt.

Overfull \hbox (14.22636pt too wide) in paragraph at lines 322--323
 [][] 
 []

) (sections/store_sales.tex [19pdfTeX warning (ext4): destination with the same
 identifier (name{figure.15}) has been already used, duplicate ignored
<argument> ...shipout:D \box_use:N \l_shipout_box 
                                                  \__shipout_drop_firstpage_...
l.5 
    pdfTeX warning (ext4): destination with the same identifier (name{figure.16
}) has been already used, duplicate ignored
<argument> ...shipout:D \box_use:N \l_shipout_box 
                                                  \__shipout_drop_firstpage_...
l.5 
     <./images/value_cost.png> <./images/compression_example2.png>]
<images/store_sales_dataset.png, id=861, 1113.15875pt x 83.31125pt>
File: images/store_sales_dataset.png Graphic file (type png)
<use images/store_sales_dataset.png>
Package pdftex.def Info: images/store_sales_dataset.png  used on input line 14.

(pdftex.def)             Requested size: 469.75499pt x 35.15828pt.
<images/ssd_stats.png, id=864, 431.6125pt x 210.7875pt>
File: images/ssd_stats.png Graphic file (type png)
<use images/ssd_stats.png>
Package pdftex.def Info: images/ssd_stats.png  used on input line 37.
(pdftex.def)             Requested size: 220.65112pt x 107.7575pt.


LaTeX Warning: Hyper reference `subsec:phase_space' on page 20 undefined on inp
ut line 46.

File: images/lens_choice.png Graphic file (type png)
<use images/lens_choice.png>
Package pdftex.def Info: images/lens_choice.png  used on input line 53.
(pdftex.def)             Requested size: 234.87749pt x 132.39308pt.

Overfull \hbox (14.22636pt too wide) in paragraph at lines 53--54
 [][] 
 []

[20pdfTeX warning (ext4): destination with the same identifier (name{figure.18}
) has been already used, duplicate ignored
<argument> ...shipout:D \box_use:N \l_shipout_box 
                                                  \__shipout_drop_firstpage_...
l.57 
      <./images/ssd_stats.png>]
Underfull \hbox (badness 10000) in paragraph at lines 68--69
[]$\T1/newtxtt/m/n/10 https : / / github . com / andorsk / store _ sales /
 []


Underfull \hbox (badness 10000) in paragraph at lines 68--69
\T1/newtxtt/m/n/10 blob / ask-[]store-[]sales-[]work / data / heirarchy .
 []

File: images/base_hierarchy.png Graphic file (type png)
<use images/base_hierarchy.png>
Package pdftex.def Info: images/base_hierarchy.png  used on input line 72.
(pdftex.def)             Requested size: 234.87749pt x 229.03041pt.

Overfull \hbox (14.22636pt too wide) in paragraph at lines 72--73
 [][] 
 []

<images/pre-filter-graphs.png, id=876, 294.09875pt x 560.0925pt>
File: images/pre-filter-graphs.png Graphic file (type png)
<use images/pre-filter-graphs.png>
Package pdftex.def Info: images/pre-filter-graphs.png  used on input line 81.
(pdftex.def)             Requested size: 220.65112pt x 420.22217pt.
[21pdfTeX warning (ext4): destination with the same identifier (name{figure.17}
) has been already used, duplicate ignored
<argument> ...shipout:D \box_use:N \l_shipout_box 
                                                  \__shipout_drop_firstpage_...
l.85 
     pdfTeX warning (ext4): destination with the same identifier (name{figure.1
9}) has been already used, duplicate ignored
<argument> ...shipout:D \box_use:N \l_shipout_box 
                                                  \__shipout_drop_firstpage_...
l.85 
     pdfTeX warning (ext4): destination with the same identifier (name{figure.2
0}) has been already used, duplicate ignored
<argument> ...shipout:D \box_use:N \l_shipout_box 
                                                  \__shipout_drop_firstpage_...
l.85 
      <./images/store_sales_dataset.png>]
File: images/linkage.png Graphic file (type png)
<use images/linkage.png>
Package pdftex.def Info: images/linkage.png  used on input line 117.
(pdftex.def)             Requested size: 234.87749pt x 101.00461pt.

Overfull \hbox (14.22636pt too wide) in paragraph at lines 117--118
 [][] 
 []

<images/base_model.png, id=887, 294.3798pt x 560.0925pt>
File: images/base_model.png Graphic file (type png)
<use images/base_model.png>
Package pdftex.def Info: images/base_model.png  used on input line 146.
(pdftex.def)             Requested size: 234.87749pt x 446.88666pt.

Overfull \hbox (14.22636pt too wide) in paragraph at lines 146--147
 [][] 
 []

[22pdfTeX warning (ext4): destination with the same identifier (name{figure.21}
) has been already used, duplicate ignored
<argument> ...shipout:D \box_use:N \l_shipout_box 
                                                  \__shipout_drop_firstpage_...
l.149 \end{figure}
                  pdfTeX warning (ext4): destination with the same identifier (
name{figure.22}) has been already used, duplicate ignored
<argument> ...shipout:D \box_use:N \l_shipout_box 
                                                  \__shipout_drop_firstpage_...
l.149 \end{figure}
                   <./images/pre-filter-graphs.png>]
<images/store_sales_before_pipe_10.png, id=895, 1021.8175pt x 575.14874pt>
File: images/store_sales_before_pipe_10.png Graphic file (type png)
<use images/store_sales_before_pipe_10.png>
Package pdftex.def Info: images/store_sales_before_pipe_10.png  used on input l
ine 153.
(pdftex.def)             Requested size: 234.87749pt x 132.20244pt.

Overfull \hbox (14.22636pt too wide) in paragraph at lines 153--154
 [][] 
 []

<images/store_sales_untuned_10.png, id=896, 1021.8175pt x 575.14874pt>
File: images/store_sales_untuned_10.png Graphic file (type png)
<use images/store_sales_untuned_10.png>
Package pdftex.def Info: images/store_sales_untuned_10.png  used on input line 
162.
(pdftex.def)             Requested size: 234.87749pt x 132.20244pt.

Overfull \hbox (14.22636pt too wide) in paragraph at lines 162--163
 [][] 
 []

[23pdfTeX warning (ext4): destination with the same identifier (name{figure.23}
) has been already used, duplicate ignored
<argument> ...shipout:D \box_use:N \l_shipout_box 
                                                  \__shipout_drop_firstpage_...
l.176 \item E
             vent 4 was a medium purchase of $21.376$ dollars made in Glenda...
pdfTeX warning (ext4): destination with the same identifier (name{figure.24}) h
as been already used, duplicate ignored
<argument> ...shipout:D \box_use:N \l_shipout_box 
                                                  \__shipout_drop_firstpage_...
l.176 \item E
             vent 4 was a medium purchase of $21.376$ dollars made in Glenda...
pdfTeX warning (ext4): destination with the same identifier (name{figure.25}) h
as been already used, duplicate ignored
<argument> ...shipout:D \box_use:N \l_shipout_box 
                                                  \__shipout_drop_firstpage_...
l.176 \item E
             vent 4 was a medium purchase of $21.376$ dollars made in Glenda...
 <./images/base_model.png> <./images/store_sales_before_pipe_10.png> <./images/
store_sales_untuned_10.png>]
<images/loss_over_time.png, id=909, 735.74875pt x 334.24875pt>
File: images/loss_over_time.png Graphic file (type png)
<use images/loss_over_time.png>
Package pdftex.def Info: images/loss_over_time.png  used on input line 192.
(pdftex.def)             Requested size: 234.87749pt x 106.70166pt.

Overfull \hbox (14.22636pt too wide) in paragraph at lines 192--193
 [][] 
 []

<images/store_sales_trained_data.png, id=912, 1021.8175pt x 575.14874pt>
File: images/store_sales_trained_data.png Graphic file (type png)
<use images/store_sales_trained_data.png>
Package pdftex.def Info: images/store_sales_trained_data.png  used on input lin
e 223.
(pdftex.def)             Requested size: 234.87749pt x 132.20244pt.

Overfull \hbox (14.22636pt too wide) in paragraph at lines 223--224
 [][] 
 []

[24pdfTeX warning (ext4): destination with the same identifier (name{figure.26}
) has been already used, duplicate ignored
<argument> ...shipout:D \box_use:N \l_shipout_box 
                                                  \__shipout_drop_firstpage_...
l.226 \end{figure}
                   <./images/loss_over_time.png>]

LaTeX Warning: Hyper reference `subsec:compression' on page 25 undefined on inp
ut line 236.

<images/compressed_store_sales.png, id=923, 1021.8175pt x 575.14874pt>
File: images/compressed_store_sales.png Graphic file (type png)
<use images/compressed_store_sales.png>
Package pdftex.def Info: images/compressed_store_sales.png  used on input line 
240.
(pdftex.def)             Requested size: 234.87749pt x 132.20244pt.

Overfull \hbox (14.22636pt too wide) in paragraph at lines 240--241
 [][] 
 []

) (sections/ligo.tex [25pdfTeX warning (ext4): destination with the same identi
fier (name{figure.27}) has been already used, duplicate ignored
<argument> ...shipout:D \box_use:N \l_shipout_box 
                                                  \__shipout_drop_firstpage_...
l.4 
    pdfTeX warning (ext4): destination with the same identifier (name{figure.28
}) has been already used, duplicate ignored
<argument> ...shipout:D \box_use:N \l_shipout_box 
                                                  \__shipout_drop_firstpage_...
l.4 
     <./images/store_sales_trained_data.png> <./images/compressed_store_sales.p
ng>] [26]
Underfull \hbox (badness 10000) in paragraph at lines 64--65
[]\T1/ptm/m/n/10 (+20) The fol-low-ing 4 events: GW170729,
 []

[27]
<images/ligo_pipeline.png, id=985, 791.95876pt x 446.66875pt>
File: images/ligo_pipeline.png Graphic file (type png)
<use images/ligo_pipeline.png>
Package pdftex.def Info: images/ligo_pipeline.png  used on input line 99.
(pdftex.def)             Requested size: 220.65112pt x 124.44617pt.
 [28pdfTeX warning (ext4): destination with the same identifier (name{figure.29
}) has been already used, duplicate ignored
<argument> ...shipout:D \box_use:N \l_shipout_box 
                                                  \__shipout_drop_firstpage_...
l.124     T
           he Advanced LIGO and Advanced Virgo detector data have a rich str...
 <./images/ligo_pipeline.png>]
<images/44_01_Raw Strain Data.png, id=1003, 462.528pt x 346.896pt>
File: images/44_01_Raw Strain Data.png Graphic file (type png)
<use images/44_01_Raw Strain Data.png>
Package pdftex.def Info: images/44_01_Raw Strain Data.png  used on input line 1
38.
(pdftex.def)             Requested size: 220.65112pt x 165.49188pt.
 [29pdfTeX warning (ext4): destination with the same identifier (name{figure.30
}) has been already used, duplicate ignored
<argument> ...shipout:D \box_use:N \l_shipout_box 
                                                  \__shipout_drop_firstpage_...
l.157 
       <./images/44_01_Raw Strain Data.png>]
<images/46_03_LIGO Spectograms with Q Transformed ASD.png, id=1019, 462.528pt x
 346.896pt>
File: images/46_03_LIGO Spectograms with Q Transformed ASD.png Graphic file (ty
pe png)
<use images/46_03_LIGO Spectograms with Q Transformed ASD.png>
Package pdftex.def Info: images/46_03_LIGO Spectograms with Q Transformed ASD.p
ng  used on input line 163.
(pdftex.def)             Requested size: 220.65112pt x 165.49188pt.
<images/48_05_Topo Transformed Eventscape with Phase Projected Network.jpg, id=
1020, 958.58125pt x 902.37125pt>
File: images/48_05_Topo Transformed Eventscape with Phase Projected Network.jpg
 Graphic file (type jpg)
<use images/48_05_Topo Transformed Eventscape with Phase Projected Network.jpg>

Package pdftex.def Info: images/48_05_Topo Transformed Eventscape with Phase Pr
ojected Network.jpg  used on input line 181.
(pdftex.def)             Requested size: 220.65112pt x 207.70625pt.
 [30pdfTeX warning (ext4): destination with the same identifier (name{figure.31
}) has been already used, duplicate ignored
<argument> ...shipout:D \box_use:N \l_shipout_box 
                                                  \__shipout_drop_firstpage_...
l.193 
      pdfTeX warning (ext4): destination with the same identifier (name{figure.
32}) has been already used, duplicate ignored
<argument> ...shipout:D \box_use:N \l_shipout_box 
                                                  \__shipout_drop_firstpage_...
l.193 
       <./images/46_03_LIGO Spectograms with Q Transformed ASD.png> <./images/4
8_05_Topo Transformed Eventscape with Phase Projected Network.jpg>]
Overfull \hbox (36.55316pt too wide) detected at line 196
\OML/cmm/m/it/10 w\OT1/cmr/m/n/10 (\OML/cmm/m/it/10 x\OT1/cmr/m/n/10 ) = []
 []

<images/49_06_Topological Noise Reduction on Primary data with phase prijection
s.jpg, id=1030, 1087.06125pt x 814.04124pt>
File: images/49_06_Topological Noise Reduction on Primary data with phase prije
ctions.jpg Graphic file (type jpg)
<use images/49_06_Topological Noise Reduction on Primary data with phase prijec
tions.jpg>
Package pdftex.def Info: images/49_06_Topological Noise Reduction on Primary da
ta with phase prijections.jpg  used on input line 200.
(pdftex.def)             Requested size: 220.65112pt x 165.22751pt.
<images/50_07_Phase Projections of Noise Reduced Topological Merger Signals.png
, id=1031, 1387.584pt x 694.5147pt>
File: images/50_07_Phase Projections of Noise Reduced Topological Merger Signal
s.png Graphic file (type png)
<use images/50_07_Phase Projections of Noise Reduced Topological Merger Signals
.png>
Package pdftex.def Info: images/50_07_Phase Projections of Noise Reduced Topolo
gical Merger Signals.png  used on input line 214.
(pdftex.def)             Requested size: 220.65112pt x 110.43578pt.
<images/52_09_Seconday-Data-Analysis_OmniView.jpg, id=1039, 1552.80125pt x 1553
.805pt>
File: images/52_09_Seconday-Data-Analysis_OmniView.jpg Graphic file (type jpg)
<use images/52_09_Seconday-Data-Analysis_OmniView.jpg>
Package pdftex.def Info: images/52_09_Seconday-Data-Analysis_OmniView.jpg  used
 on input line 231.
(pdftex.def)             Requested size: 220.65112pt x 220.77936pt.
[31pdfTeX warning (ext4): destination with the same identifier (name{figure.33}
) has been already used, duplicate ignored
<argument> ...shipout:D \box_use:N \l_shipout_box 
                                                  \__shipout_drop_firstpage_...
l.235 
      pdfTeX warning (ext4): destination with the same identifier (name{figure.
34}) has been already used, duplicate ignored
<argument> ...shipout:D \box_use:N \l_shipout_box 
                                                  \__shipout_drop_firstpage_...
l.235 
       <./images/49_06_Topological Noise Reduction on Primary data with phase p
rijections.jpg> <./images/50_07_Phase Projections of Noise Reduced Topological 
Merger Signals.png>]
Underfull \hbox (badness 10000) in paragraph at lines 243--244
[]\T1/ptm/m/n/10 (+20) Primary Mass $\OT1/cmr/m/n/10 (\OML/cmm/m/it/10 M[]\OT1/
cmr/m/n/10 )$\T1/ptm/m/n/10 (+20) , Sec-ondary Mass
 []

<images/56_12_Dendograms for Event Based Custering.jpg, id=1050, 1759.57375pt x
 944.52875pt>
File: images/56_12_Dendograms for Event Based Custering.jpg Graphic file (type 
jpg)
<use images/56_12_Dendograms for Event Based Custering.jpg>
Package pdftex.def Info: images/56_12_Dendograms for Event Based Custering.jpg 
 used on input line 252.
(pdftex.def)             Requested size: 220.65112pt x 118.44052pt.
<images/57_13_GW170729 Event Based Dendogram.png, id=1051, 462.528pt x 346.896p
t>
File: images/57_13_GW170729 Event Based Dendogram.png Graphic file (type png)
<use images/57_13_GW170729 Event Based Dendogram.png>
Package pdftex.def Info: images/57_13_GW170729 Event Based Dendogram.png  used 
on input line 266.
(pdftex.def)             Requested size: 220.65112pt x 165.49188pt.
[32pdfTeX warning (ext4): destination with the same identifier (name{figure.35}
) has been already used, duplicate ignored
<argument> ...shipout:D \box_use:N \l_shipout_box 
                                                  \__shipout_drop_firstpage_...
l.270 
      pdfTeX warning (ext4): destination with the same identifier (name{figure.
36}) has been already used, duplicate ignored
<argument> ...shipout:D \box_use:N \l_shipout_box 
                                                  \__shipout_drop_firstpage_...
l.270 
       <./images/52_09_Seconday-Data-Analysis_OmniView.jpg> <./images/56_12_Den
dograms for Event Based Custering.jpg>]
<images/61_17_GW170729 Spin Cluster.png, id=1058, 462.528pt x 346.896pt>
File: images/61_17_GW170729 Spin Cluster.png Graphic file (type png)
<use images/61_17_GW170729 Spin Cluster.png>
Package pdftex.def Info: images/61_17_GW170729 Spin Cluster.png  used on input 
line 275.
(pdftex.def)             Requested size: 220.65112pt x 165.49188pt.
<images/65_21_Spin Nodes.png, id=1059, 462.528pt x 346.896pt>
File: images/65_21_Spin Nodes.png Graphic file (type png)
<use images/65_21_Spin Nodes.png>
Package pdftex.def Info: images/65_21_Spin Nodes.png  used on input line 284.
(pdftex.def)             Requested size: 220.65112pt x 165.49188pt.
<./images//69_25_Spin Simplex3.png, id=1060, 462.528pt x 346.896pt>
File: ./images//69_25_Spin Simplex3.png Graphic file (type png)
<use ./images//69_25_Spin Simplex3.png>
Package pdftex.def Info: ./images//69_25_Spin Simplex3.png  used on input line 
291.
(pdftex.def)             Requested size: 220.65112pt x 165.49188pt.
 [33pdfTeX warning (ext4): destination with the same identifier (name{figure.37
}) has been already used, duplicate ignored
<argument> ...shipout:D \box_use:N \l_shipout_box 
                                                  \__shipout_drop_firstpage_...
l.298 \subsubsection{Unfiltered Structural Graphs}
                                                  pdfTeX warning (ext4): destin
ation with the same identifier (name{figure.38}) has been already used, duplica
te ignored
<argument> ...shipout:D \box_use:N \l_shipout_box 
                                                  \__shipout_drop_firstpage_...
l.298 \subsubsection{Unfiltered Structural Graphs}
                                                  pdfTeX warning (ext4): destin
ation with the same identifier (name{figure.39}) has been already used, duplica
te ignored
<argument> ...shipout:D \box_use:N \l_shipout_box 
                                                  \__shipout_drop_firstpage_...
l.298 \subsubsection{Unfiltered Structural Graphs}
                                                  pdfTeX warning (ext4): destin
ation with the same identifier (name{figure.40}) has been already used, duplica
te ignored
<argument> ...shipout:D \box_use:N \l_shipout_box 
                                                  \__shipout_drop_firstpage_...
l.298 \subsubsection{Unfiltered Structural Graphs}
                                                   <./images/57_13_GW170729 Eve
nt Based Dendogram.png> <./images/61_17_GW170729 Spin Cluster.png> <./images/65
_21_Spin Nodes.png> <./images//69_25_Spin Simplex3.png>]
<images/70_26_EventScape of 4 RK Diagrams without Threshold Filters 2.png, id=1
073, 1387.584pt x 694.5147pt>
File: images/70_26_EventScape of 4 RK Diagrams without Threshold Filters 2.png 
Graphic file (type png)
<use images/70_26_EventScape of 4 RK Diagrams without Threshold Filters 2.png>
Package pdftex.def Info: images/70_26_EventScape of 4 RK Diagrams without Thres
hold Filters 2.png  used on input line 306.
(pdftex.def)             Requested size: 220.65112pt x 110.43578pt.
<images/71_00_Sensitivity Thresholds.jpg, id=1075, 555.07375pt x 561.09625pt>
File: images/71_00_Sensitivity Thresholds.jpg Graphic file (type jpg)
<use images/71_00_Sensitivity Thresholds.jpg>
Package pdftex.def Info: images/71_00_Sensitivity Thresholds.jpg  used on input
 line 318.
(pdftex.def)             Requested size: 220.65112pt x 223.04753pt.
<images/GW170729_RK_Diagram.png, id=1085, 520.344pt x 520.344pt>
File: images/GW170729_RK_Diagram.png Graphic file (type png)
<use images/GW170729_RK_Diagram.png>
Package pdftex.def Info: images/GW170729_RK_Diagram.png  used on input line 333
.
(pdftex.def)             Requested size: 220.65112pt x 220.65497pt.
 [34pdfTeX warning (ext4): destination with the same identifier (name{figure.41
}) has been already used, duplicate ignored
<argument> ...shipout:D \box_use:N \l_shipout_box 
                                                  \__shipout_drop_firstpage_...
l.337 
      pdfTeX warning (ext4): destination with the same identifier (name{figure.
42}) has been already used, duplicate ignored
<argument> ...shipout:D \box_use:N \l_shipout_box 
                                                  \__shipout_drop_firstpage_...
l.337 
       <./images/70_26_EventScape of 4 RK Diagrams without Threshold Filters 2.
png> <./images/71_00_Sensitivity Thresholds.jpg>]
<images/GW170817_RK_Diagram.png, id=1095, 520.344pt x 520.344pt>
File: images/GW170817_RK_Diagram.png Graphic file (type png)
<use images/GW170817_RK_Diagram.png>
Package pdftex.def Info: images/GW170817_RK_Diagram.png  used on input line 342
.
(pdftex.def)             Requested size: 220.65112pt x 220.65497pt.
<images/GW190521_RK_Diagram.png, id=1096, 520.344pt x 520.344pt>
File: images/GW190521_RK_Diagram.png Graphic file (type png)
<use images/GW190521_RK_Diagram.png>
Package pdftex.def Info: images/GW190521_RK_Diagram.png  used on input line 351
.
(pdftex.def)             Requested size: 220.65112pt x 220.65497pt.
<images/GW190814_RK_Diagram.png, id=1097, 520.344pt x 520.344pt>
File: images/GW190814_RK_Diagram.png Graphic file (type png)
<use images/GW190814_RK_Diagram.png>
Package pdftex.def Info: images/GW190814_RK_Diagram.png  used on input line 360
.
(pdftex.def)             Requested size: 220.65112pt x 220.65497pt.
 [35pdfTeX warning (ext4): destination with the same identifier (name{figure.43
}) has been already used, duplicate ignored
<argument> ...shipout:D \box_use:N \l_shipout_box 
                                                  \__shipout_drop_firstpage_...
l.364 
      pdfTeX warning (ext4): destination with the same identifier (name{figure.
44}) has been already used, duplicate ignored
<argument> ...shipout:D \box_use:N \l_shipout_box 
                                                  \__shipout_drop_firstpage_...
l.364 
      pdfTeX warning (ext4): destination with the same identifier (name{figure.
45}) has been already used, duplicate ignored
<argument> ...shipout:D \box_use:N \l_shipout_box 
                                                  \__shipout_drop_firstpage_...
l.364 
       <./images/GW170729_RK_Diagram.png> <./images/GW170817_RK_Diagram.png> <.
/images/GW190521_RK_Diagram.png>]
<images/74_33_All 4 Diagrmas in 3D_2.png, id=1108, 1387.584pt x 694.5147pt>
File: images/74_33_All 4 Diagrmas in 3D_2.png Graphic file (type png)
<use images/74_33_All 4 Diagrmas in 3D_2.png>
Package pdftex.def Info: images/74_33_All 4 Diagrmas in 3D_2.png  used on input
 line 375.
(pdftex.def)             Requested size: 220.65112pt x 110.43578pt.
 [36pdfTeX warning (ext4): destination with the same identifier (name{figure.46
}) has been already used, duplicate ignored
<argument> ...shipout:D \box_use:N \l_shipout_box 
                                                  \__shipout_drop_firstpage_...
l.392 
      pdfTeX warning (ext4): destination with the same identifier (name{figure.
47}) has been already used, duplicate ignored
<argument> ...shipout:D \box_use:N \l_shipout_box 
                                                  \__shipout_drop_firstpage_...
l.392 
       <./images/GW190814_RK_Diagram.png> <./images/74_33_All 4 Diagrmas in 3D_
2.png>]
<images/75_34_All-4-Diagrmas-in-3D_with-SNR_3.png, id=1118, 1927.2pt x 964.6037
4pt>
File: images/75_34_All-4-Diagrmas-in-3D_with-SNR_3.png Graphic file (type png)
<use images/75_34_All-4-Diagrmas-in-3D_with-SNR_3.png>
Package pdftex.def Info: images/75_34_All-4-Diagrmas-in-3D_with-SNR_3.png  used
 on input line 395.
(pdftex.def)             Requested size: 220.65112pt x 110.43402pt.
<images/76_Mapping R_K eventScape to Primary Data.jpg, id=1119, 1927.2pt x 709.
65125pt>
File: images/76_Mapping R_K eventScape to Primary Data.jpg Graphic file (type j
pg)
<use images/76_Mapping R_K eventScape to Primary Data.jpg>
Package pdftex.def Info: images/76_Mapping R_K eventScape to Primary Data.jpg  
used on input line 408.
(pdftex.def)             Requested size: 220.65112pt x 81.24542pt.
<images/Modified-TDA-LIGO-Analysis-Pipeline.jpg, id=1121, 1020.81375pt x 713.66
624pt>
File: images/Modified-TDA-LIGO-Analysis-Pipeline.jpg Graphic file (type jpg)
<use images/Modified-TDA-LIGO-Analysis-Pipeline.jpg>
Package pdftex.def Info: images/Modified-TDA-LIGO-Analysis-Pipeline.jpg  used o
n input line 421.
(pdftex.def)             Requested size: 220.65112pt x 154.25197pt.
 [37pdfTeX warning (ext4): destination with the same identifier (name{figure.48
}) has been already used, duplicate ignored
<argument> ...shipout:D \box_use:N \l_shipout_box 
                                                  \__shipout_drop_firstpage_...
l.428 
      pdfTeX warning (ext4): destination with the same identifier (name{figure.
49}) has been already used, duplicate ignored
<argument> ...shipout:D \box_use:N \l_shipout_box 
                                                  \__shipout_drop_firstpage_...
l.428 
      pdfTeX warning (ext4): destination with the same identifier (name{figure.
50}) has been already used, duplicate ignored
<argument> ...shipout:D \box_use:N \l_shipout_box 
                                                  \__shipout_drop_firstpage_...
l.428 
       <./images/75_34_All-4-Diagrmas-in-3D_with-SNR_3.png (PNG copy)> <./image
s/76_Mapping R_K eventScape to Primary Data.jpg> <./images/Modified-TDA-LIGO-An
alysis-Pipeline.jpg>]
<images/79_Tertiary Analysis & ML Predictions.jpg, id=1130, 1652.1725pt x 1084.
05pt>
File: images/79_Tertiary Analysis & ML Predictions.jpg Graphic file (type jpg)
<use images/79_Tertiary Analysis & ML Predictions.jpg>
Package pdftex.def Info: images/79_Tertiary Analysis & ML Predictions.jpg  used
 on input line 434.
(pdftex.def)             Requested size: 220.65112pt x 144.76901pt.
) (sections/conclusion.tex [38pdfTeX warning (ext4): destination with the same 
identifier (name{figure.51}) has been already used, duplicate ignored
<argument> ...shipout:D \box_use:N \l_shipout_box 
                                                  \__shipout_drop_firstpage_...
l.4 
     <./images/79_Tertiary Analysis & ML Predictions.jpg>]) [39] [40

]
Overfull \hbox (71.15344pt too wide) in paragraph at lines 107--107
\T1/newtxtt/m/n/10 EACE30CF0EC14195522E70A185865310598CFC12F3B50A270B1B5537870A
9D9E2DF855B75FEAF61CFB3905BFC26516AF &
 []

[41] [42]
Underfull \hbox (badness 5519) in paragraph at lines 107--107
[]\T1/ptm/m/it/10 (+20) The Gravitational-Wave "Rev-o-lu-tion" Is Un-der-way - 
Sci-en-tific Amer-i-can\T1/ptm/m/n/10 (+20) . []$\T1/newtxtt/m/n/10 https : / /
 www .
 []

[43]
(novel_approach_to_topological_graph_theory_with_rk_diagrams_and_gravitational_
wave_analysis.aux)

LaTeX Warning: There were undefined references.


LaTeX Warning: There were multiply-defined labels.

Package rerunfilecheck Info: File `novel_approach_to_topological_graph_theory_w
ith_rk_diagrams_and_gravitational_wave_analysis.out' has not changed.
(rerunfilecheck)             Checksum: B4BC070B271C28D279535CFA3E7E06FA;17674.
Package logreq Info: Writing requests to 'novel_approach_to_topological_graph_t
heory_with_rk_diagrams_and_gravitational_wave_analysis.run.xml'.
\openout1 = `novel_approach_to_topological_graph_theory_with_rk_diagrams_and_gr
avitational_wave_analysis.run.xml'.

 ) 
Here is how much of TeX's memory you used:
 22662 strings out of 478893
 405646 string characters out of 2846079
 1238521 words of memory out of 3000000
 39394 multiletter control sequences out of 15000+600000
 466082 words of font info for 327 fonts, out of 8000000 for 9000
 1141 hyphenation exceptions out of 8191
 72i,13n,81p,4107b,1696s stack positions out of 5000i,500n,10000p,200000b,80000s
{C:/Users/Animikh Roy/AppData/Local/Programs/MiKTeX 2.9/fonts/enc/dvips/base/
8r.enc}{C:/Users/Animikh Roy/AppData/Local/Programs/MiKTeX 2.9/fonts/enc/dvips/
newtxtt/txttAec.enc}<C:/Users/Animikh Roy/AppData/Local/Programs/MiKTeX 2.9/fon
ts/type1/public/amsfonts/cm/cmex10.pfb><C:/Users/Animikh Roy/AppData/Local/Prog
rams/MiKTeX 2.9/fonts/type1/public/amsfonts/cm/cmmi10.pfb><C:/Users/Animikh Roy
/AppData/Local/Programs/MiKTeX 2.9/fonts/type1/public/amsfonts/cm/cmmi5.pfb><C:
/Users/Animikh Roy/AppData/Local/Programs/MiKTeX 2.9/fonts/type1/public/amsfont
s/cm/cmmi7.pfb><C:/Users/Animikh Roy/AppData/Local/Programs/MiKTeX 2.9/fonts/ty
pe1/public/amsfonts/cm/cmr10.pfb><C:/Users/Animikh Roy/AppData/Local/Programs/M
iKTeX 2.9/fonts/type1/public/amsfonts/cm/cmr5.pfb><C:/Users/Animikh Roy/AppData
/Local/Programs/MiKTeX 2.9/fonts/type1/public/amsfonts/cm/cmr7.pfb><C:/Users/An
imikh Roy/AppData/Local/Programs/MiKTeX 2.9/fonts/type1/public/amsfonts/cm/cmsy
10.pfb><C:/Users/Animikh Roy/AppData/Local/Programs/MiKTeX 2.9/fonts/type1/publ
ic/amsfonts/cm/cmsy5.pfb><C:/Users/Animikh Roy/AppData/Local/Programs/MiKTeX 2.
9/fonts/type1/public/amsfonts/cm/cmsy7.pfb><C:/Users/Animikh Roy/AppData/Local/
Programs/MiKTeX 2.9/fonts/type1/public/amsfonts/symbols/msbm10.pfb><C:/Users/An
imikh Roy/AppData/Local/Programs/MiKTeX 2.9/fonts/type1/public/newtxtt/newtxtt.
pfb><C:/Users/Animikh Roy/AppData/Local/Programs/MiKTeX 2.9/fonts/type1/urw/tim
es/utmb8a.pfb><C:/Users/Animikh Roy/AppData/Local/Programs/MiKTeX 2.9/fonts/typ
e1/urw/times/utmbi8a.pfb><C:/Users/Animikh Roy/AppData/Local/Programs/MiKTeX 2.
9/fonts/type1/urw/times/utmr8a.pfb><C:/Users/Animikh Roy/AppData/Local/Programs
/MiKTeX 2.9/fonts/type1/urw/times/utmri8a.pfb>
Output written on novel_approach_to_topological_graph_theory_with_rk_diagrams_a
nd_gravitational_wave_analysis.pdf (43 pages, 6645171 bytes).
PDF statistics:
 1362 PDF objects out of 1440 (max. 8388607)
 344 named destinations out of 1000 (max. 500000)
 50161 words of extra memory for PDF output out of 51595 (max. 10000000)

